\BOOKMARK [1][-]{section.1}{\376\377\000E\000x\000a\000c\000t\000\040\000C\000o\000v\000e\000r}{}% 1
\BOOKMARK [2][-]{subsection.1.1}{\376\377\000P\000e\000r\000t\000e\000n\000e\000n\000c\000i\000a\000\040\000a\000\040\000N\000P}{section.1}% 2
\BOOKMARK [2][-]{subsection.1.2}{\376\377\000N\000P\000-\000H\000a\000r\000d\000n\000e\000s\000s}{section.1}% 3
\BOOKMARK [3][-]{subsubsection.1.2.1}{\376\377\000D\000e\000m\000o\000s\000t\000r\000a\000c\000i\000\363\000n\000.\000\040\000R\000e\000d\000u\000c\000c\000i\000\363\000n\000\040\000d\000e\000s\000d\000e\000\040\0003\000-\000S\000A\000T}{subsection.1.2}% 4
\BOOKMARK [3][-]{subsubsection.1.2.2}{\376\377\000C\000o\000n\000c\000l\000u\000s\000i\000\363\000n\000:}{subsection.1.2}% 5
\BOOKMARK [2][-]{subsection.1.3}{\376\377\000N\000P\000-\000C\000o\000m\000p\000l\000e\000t\000i\000t\000u\000d}{section.1}% 6
\BOOKMARK [1][-]{section.2}{\376\377\0003\000-\000C\000o\000l\000o\000r\000e\000o}{}% 7
\BOOKMARK [2][-]{subsection.2.1}{\376\377\000P\000e\000r\000t\000e\000n\000e\000n\000c\000i\000a\000\040\000a\000\040\000N\000P}{section.2}% 8
\BOOKMARK [2][-]{subsection.2.2}{\376\377\000N\000P\000-\000H\000a\000r\000d\000n\000e\000s\000s}{section.2}% 9
\BOOKMARK [3][-]{subsubsection.2.2.1}{\376\377\000D\000e\000m\000o\000s\000t\000r\000a\000c\000i\000\363\000n\000.\000\040\000R\000e\000d\000u\000c\000c\000i\000\363\000n\000\040\000d\000e\000s\000d\000e\000\040\0003\000-\000S\000A\000T}{subsection.2.2}% 10
\BOOKMARK [3][-]{subsubsection.2.2.2}{\376\377\000C\000o\000n\000c\000l\000u\000s\000i\000\363\000n\000:}{subsection.2.2}% 11
\BOOKMARK [2][-]{subsection.2.3}{\376\377\000N\000P\000-\000C\000o\000m\000p\000l\000e\000t\000i\000t\000u\000d}{section.2}% 12
\BOOKMARK [1][-]{section.3}{\376\377\000N\000\372\000m\000e\000r\000o\000\040\000C\000r\000o\000m\000\341\000t\000i\000c\000o}{}% 13
\BOOKMARK [2][-]{subsection.3.1}{\376\377\000P\000e\000r\000t\000e\000n\000e\000n\000c\000i\000a\000\040\000a\000\040\000N\000P}{section.3}% 14
\BOOKMARK [2][-]{subsection.3.2}{\376\377\000N\000P\000-\000H\000a\000r\000d\000n\000e\000s\000s}{section.3}% 15
\BOOKMARK [3][-]{subsubsection.3.2.1}{\376\377\000D\000e\000m\000o\000s\000t\000r\000a\000c\000i\000\363\000n\000.\000\040\000R\000e\000d\000u\000c\000c\000i\000\363\000n\000\040\000d\000e\000s\000d\000e\000\040\0003\000-\000C\000o\000l\000o\000r\000e\000o}{subsection.3.2}% 16
\BOOKMARK [3][-]{subsubsection.3.2.2}{\376\377\000C\000o\000n\000c\000l\000u\000s\000i\000\363\000n}{subsection.3.2}% 17
\BOOKMARK [2][-]{subsection.3.3}{\376\377\000N\000P\000-\000C\000o\000m\000p\000l\000e\000t\000i\000t\000u\000d}{section.3}% 18
\BOOKMARK [1][-]{section.4}{\376\377\000C\000l\000i\000q\000u\000e\000\040\000M\000\341\000x\000i\000m\000o}{}% 19
\BOOKMARK [2][-]{subsection.4.1}{\376\377\000P\000e\000r\000t\000e\000n\000e\000n\000c\000i\000a\000\040\000a\000\040\000N\000P}{section.4}% 20
\BOOKMARK [2][-]{subsection.4.2}{\376\377\000N\000P\000-\000H\000a\000r\000d\000n\000e\000s\000s}{section.4}% 21
\BOOKMARK [3][-]{subsubsection.4.2.1}{\376\377\000D\000e\000m\000o\000s\000t\000r\000a\000c\000i\000\363\000n\000.\000\040\000R\000e\000d\000u\000c\000c\000i\000\363\000n\000\040\000d\000e\000s\000d\000e\000\040\000k\000-\000C\000l\000i\000q\000u\000e}{subsection.4.2}% 22
\BOOKMARK [3][-]{subsubsection.4.2.2}{\376\377\000C\000o\000n\000c\000l\000u\000s\000i\000\363\000n}{subsection.4.2}% 23
\BOOKMARK [2][-]{subsection.4.3}{\376\377\000N\000P\000-\000C\000o\000m\000p\000l\000e\000t\000i\000t\000u\000d}{section.4}% 24
\BOOKMARK [1][-]{section.5}{\376\377\000C\000o\000b\000e\000r\000t\000u\000r\000a\000\040\000d\000e\000\040\000C\000l\000i\000q\000u\000e\000s}{}% 25
\BOOKMARK [2][-]{subsection.5.1}{\376\377\000P\000e\000r\000t\000e\000n\000e\000n\000c\000i\000a\000\040\000a\000\040\000N\000P}{section.5}% 26
\BOOKMARK [2][-]{subsection.5.2}{\376\377\000N\000P\000-\000H\000a\000r\000d\000n\000e\000s\000s}{section.5}% 27
\BOOKMARK [3][-]{subsubsection.5.2.1}{\376\377\000D\000e\000m\000o\000s\000t\000r\000a\000c\000i\000\363\000n\000.\000\040\000R\000e\000d\000u\000c\000c\000i\000\363\000n\000\040\000d\000e\000s\000d\000e\000\040\000N\000\372\000m\000e\000r\000o\000\040\000C\000r\000o\000m\000\341\000t\000i\000c\000o}{subsection.5.2}% 28
\BOOKMARK [3][-]{subsubsection.5.2.2}{\376\377\000C\000o\000n\000c\000l\000u\000s\000i\000\363\000n}{subsection.5.2}% 29
\BOOKMARK [2][-]{subsection.5.3}{\376\377\000N\000P\000-\000C\000o\000m\000p\000l\000e\000t\000i\000t\000u\000d}{section.5}% 30
\BOOKMARK [1][-]{section.6}{\376\377\000C\000o\000n\000j\000u\000n\000t\000o\000\040\000D\000o\000m\000i\000n\000a\000n\000t\000e}{}% 31
\BOOKMARK [2][-]{subsection.6.1}{\376\377\000P\000e\000r\000t\000e\000n\000e\000n\000c\000i\000a\000\040\000a\000\040\000N\000P}{section.6}% 32
\BOOKMARK [2][-]{subsection.6.2}{\376\377\000N\000P\000-\000H\000a\000r\000d\000n\000e\000s\000s}{section.6}% 33
\BOOKMARK [3][-]{subsubsection.6.2.1}{\376\377\000D\000e\000m\000o\000s\000t\000r\000a\000c\000i\000\363\000n\000.\000\040\000R\000e\000d\000u\000c\000c\000i\000\363\000n\000\040\000d\000e\000s\000d\000e\000\040\000V\000e\000r\000t\000e\000x\000\040\000C\000o\000v\000e\000r}{subsection.6.2}% 34
\BOOKMARK [3][-]{subsubsection.6.2.2}{\376\377\000C\000o\000n\000c\000l\000u\000s\000i\000\363\000n}{subsection.6.2}% 35
\BOOKMARK [2][-]{subsection.6.3}{\376\377\000N\000P\000-\000C\000o\000m\000p\000l\000e\000t\000i\000t\000u\000d}{section.6}% 36
\BOOKMARK [1][-]{section.7}{\376\377\000R\000e\000t\000r\000o\000a\000l\000i\000m\000e\000n\000t\000a\000c\000i\000\363\000n\000\040\000d\000e\000\040\000V\000\351\000r\000t\000i\000c\000e\000s}{}% 37
\BOOKMARK [2][-]{subsection.7.1}{\376\377\000P\000e\000r\000t\000e\000n\000e\000n\000c\000i\000a\000\040\000a\000\040\000N\000P}{section.7}% 38
\BOOKMARK [2][-]{subsection.7.2}{\376\377\000N\000P\000-\000H\000a\000r\000d\000n\000e\000s\000s}{section.7}% 39
\BOOKMARK [3][-]{subsubsection.7.2.1}{\376\377\000D\000e\000m\000o\000s\000t\000r\000a\000c\000i\000\363\000n\000.\000\040\000R\000e\000d\000u\000c\000c\000i\000\363\000n\000\040\000d\000e\000s\000d\000e\000\040\000V\000e\000r\000t\000e\000x\000\040\000C\000o\000v\000e\000r}{subsection.7.2}% 40
\BOOKMARK [3][-]{subsubsection.7.2.2}{\376\377\000C\000o\000n\000c\000l\000u\000s\000i\000\363\000n}{subsection.7.2}% 41
\BOOKMARK [2][-]{subsection.7.3}{\376\377\000N\000P\000-\000C\000o\000m\000p\000l\000e\000t\000i\000t\000u\000d}{section.7}% 42
\BOOKMARK [1][-]{section.8}{\376\377\000R\000e\000t\000r\000o\000a\000l\000i\000m\000e\000n\000t\000a\000c\000i\000\363\000n\000\040\000d\000e\000\040\000A\000r\000c\000o\000s}{}% 43
\BOOKMARK [2][-]{subsection.8.1}{\376\377\000P\000e\000r\000t\000e\000n\000e\000n\000c\000i\000a\000\040\000a\000\040\000N\000P}{section.8}% 44
\BOOKMARK [2][-]{subsection.8.2}{\376\377\000N\000P\000-\000H\000a\000r\000d\000n\000e\000s\000s}{section.8}% 45
\BOOKMARK [3][-]{subsubsection.8.2.1}{\376\377\000D\000e\000m\000o\000s\000t\000r\000a\000c\000i\000\363\000n\000.\000\040\000R\000e\000d\000u\000c\000c\000i\000\363\000n\000\040\000d\000e\000s\000d\000e\000\040\000R\000e\000t\000r\000o\000a\000l\000i\000m\000e\000n\000t\000a\000c\000i\000\363\000n\000\040\000d\000e\000\040\000V\000\351\000r\000t\000i\000c\000e\000s}{subsection.8.2}% 46
\BOOKMARK [3][-]{subsubsection.8.2.2}{\376\377\000C\000o\000n\000c\000l\000u\000s\000i\000\363\000n}{subsection.8.2}% 47
\BOOKMARK [2][-]{subsection.8.3}{\376\377\000N\000P\000-\000C\000o\000m\000p\000l\000e\000t\000i\000t\000u\000d}{section.8}% 48
\BOOKMARK [1][-]{section.9}{\376\377\000N\000A\000E\000\040\0004\000-\000S\000A\000T\000\040\000\050\000N\000o\000t\000-\000A\000l\000l\000-\000E\000q\000u\000a\000l\000\040\0004\000-\000S\000A\000T\000\051}{}% 49
\BOOKMARK [2][-]{subsection.9.1}{\376\377\000P\000e\000r\000t\000e\000n\000e\000n\000c\000i\000a\000\040\000a\000\040\000N\000P}{section.9}% 50
\BOOKMARK [2][-]{subsection.9.2}{\376\377\000N\000P\000-\000H\000a\000r\000d\000n\000e\000s\000s}{section.9}% 51
\BOOKMARK [3][-]{subsubsection.9.2.1}{\376\377\000D\000e\000m\000o\000s\000t\000r\000a\000c\000i\000\363\000n\000.\000\040\000R\000e\000d\000u\000c\000c\000i\000\363\000n\000\040\000d\000e\000s\000d\000e\000\040\0003\000-\000S\000A\000T}{subsection.9.2}% 52
\BOOKMARK [3][-]{subsubsection.9.2.2}{\376\377\000C\000o\000n\000c\000l\000u\000s\000i\000\363\000n}{subsection.9.2}% 53
\BOOKMARK [2][-]{subsection.9.3}{\376\377\000N\000P\000-\000C\000o\000m\000p\000l\000e\000t\000i\000t\000u\000d}{section.9}% 54
\BOOKMARK [1][-]{section.10}{\376\377\000N\000A\000E\000\040\0003\000-\000S\000A\000T\000\040\000\050\000N\000o\000t\000-\000A\000l\000l\000-\000E\000q\000u\000a\000l\000\040\0003\000-\000S\000A\000T\000\051}{}% 55
\BOOKMARK [2][-]{subsection.10.1}{\376\377\000P\000e\000r\000t\000e\000n\000e\000n\000c\000i\000a\000\040\000a\000\040\000N\000P}{section.10}% 56
\BOOKMARK [2][-]{subsection.10.2}{\376\377\000N\000P\000-\000H\000a\000r\000d\000n\000e\000s\000s}{section.10}% 57
\BOOKMARK [3][-]{subsubsection.10.2.1}{\376\377\000D\000e\000m\000o\000s\000t\000r\000a\000c\000i\000\363\000n\000.\000\040\000R\000e\000d\000u\000c\000c\000i\000\363\000n\000\040\000d\000e\000s\000d\000e\000\040\000N\000A\000E\000\040\0004\000-\000S\000A\000T}{subsection.10.2}% 58
\BOOKMARK [3][-]{subsubsection.10.2.2}{\376\377\000C\000o\000n\000c\000l\000u\000s\000i\000\363\000n}{subsection.10.2}% 59
\BOOKMARK [2][-]{subsection.10.3}{\376\377\000N\000P\000-\000C\000o\000m\000p\000l\000e\000t\000i\000t\000u\000d}{section.10}% 60
\BOOKMARK [1][-]{section.11}{\376\377\000M\000\341\000x\000i\000m\000o\000\040\000C\000o\000r\000t\000e}{}% 61
\BOOKMARK [2][-]{subsection.11.1}{\376\377\000P\000e\000r\000t\000e\000n\000e\000n\000c\000i\000a\000\040\000a\000\040\000N\000P}{section.11}% 62
\BOOKMARK [2][-]{subsection.11.2}{\376\377\000N\000P\000-\000H\000a\000r\000d\000n\000e\000s\000s}{section.11}% 63
\BOOKMARK [3][-]{subsubsection.11.2.1}{\376\377\000D\000e\000m\000o\000s\000t\000r\000a\000c\000i\000\363\000n\000.\000\040\000R\000e\000d\000u\000c\000c\000i\000\363\000n\000\040\000d\000e\000s\000d\000e\000\040\000N\000A\000E\000\040\0003\000-\000S\000A\000T}{subsection.11.2}% 64
\BOOKMARK [3][-]{subsubsection.11.2.2}{\376\377\000C\000o\000n\000c\000l\000u\000s\000i\000\363\000n}{subsection.11.2}% 65
\BOOKMARK [2][-]{subsection.11.3}{\376\377\000N\000P\000-\000C\000o\000m\000p\000l\000e\000t\000i\000t\000u\000d}{section.11}% 66
\BOOKMARK [1][-]{section.12}{\376\377\000N\000\372\000m\000e\000r\000o\000\040\000D\000o\000m\000a\000t\000i\000c}{}% 67
\BOOKMARK [2][-]{subsection.12.1}{\376\377\000P\000e\000r\000t\000e\000n\000e\000n\000c\000i\000a\000\040\000a\000\040\000N\000P}{section.12}% 68
\BOOKMARK [2][-]{subsection.12.2}{\376\377\000N\000P\000-\000H\000a\000r\000d\000n\000e\000s\000s}{section.12}% 69
\BOOKMARK [3][-]{subsubsection.12.2.1}{\376\377\000D\000e\000m\000o\000s\000t\000r\000a\000c\000i\000\363\000n\000.\000\040\000R\000e\000d\000u\000c\000c\000i\000\363\000n\000\040\000d\000e\000s\000d\000e\000\040\0003\000-\000S\000A\000T}{subsection.12.2}% 70
\BOOKMARK [3][-]{subsubsection.12.2.2}{\376\377\000C\000o\000n\000c\000l\000u\000s\000i\000\363\000n}{subsection.12.2}% 71
\BOOKMARK [2][-]{subsection.12.3}{\376\377\000N\000P\000-\000C\000o\000m\000p\000l\000e\000t\000i\000t\000u\000d}{section.12}% 72
